<ns0:test-suite xmlns:ns0="urn:model.allure.qatools.yandex.ru" start="1618265454113" stop="1618265531260">
  <name>test</name>
  <labels/>
  <test-cases>
    <test-case start="1618265454113" status="passed" stop="1618265471446">
      <name>test_add_contact.test_add_contact[None::;;;]</name>
      <attachments/>
      <labels>
        <label name="severity" value="normal"/>
        <label name="thread" value="2520-MainThread"/>
        <label name="host" value="Leisan-Home"/>
        <label name="framework" value="pytest"/>
        <label name="language" value="cpython3"/>
      </labels>
      <steps/>
    </test-case>
    <test-case start="1618265471472" status="passed" stop="1618265478679">
      <name>test_add_contact.test_add_contact[None:firstnameXr  gfex3Zzb:lastnamej ZjnjXcPZ l iy;address T dOAB0 EeVSKhOE o;mail1HO51lEizQokg2hFEWeS;home_phone7JwHx ]</name>
      <attachments/>
      <labels>
        <label name="severity" value="normal"/>
        <label name="thread" value="2520-MainThread"/>
        <label name="host" value="Leisan-Home"/>
        <label name="framework" value="pytest"/>
        <label name="language" value="cpython3"/>
      </labels>
      <steps/>
    </test-case>
    <test-case start="1618265478703" status="passed" stop="1618265485923">
      <name>test_add_contact.test_add_contact[None:firstname I  e5A 5jQ:lastname RDUSVX1xHoF Qx4ptgf9 D 7;address ooMVMzKLw1nkfrux;mail1k3 6S71t ;home_phone]</name>
      <attachments/>
      <labels>
        <label name="severity" value="normal"/>
        <label name="thread" value="2520-MainThread"/>
        <label name="host" value="Leisan-Home"/>
        <label name="framework" value="pytest"/>
        <label name="language" value="cpython3"/>
      </labels>
      <steps/>
    </test-case>
    <test-case start="1618265485941" status="passed" stop="1618265492966">
      <name>test_add_contact.test_add_contact[None:firstnameugu:lastnameydfExVZaNTWCea;addressT8BBPWi7zZLddYjJVS7SPrHpgL;mail1Z VYFGtViKVtaK 7e8O0ibpYPN10;home_phone]</name>
      <attachments/>
      <labels>
        <label name="severity" value="normal"/>
        <label name="thread" value="2520-MainThread"/>
        <label name="host" value="Leisan-Home"/>
        <label name="framework" value="pytest"/>
        <label name="language" value="cpython3"/>
      </labels>
      <steps/>
    </test-case>
    <test-case start="1618265492989" status="passed" stop="1618265500491">
      <name>test_add_contact.test_add_contact[None:firstname:lastnameJ N 6BdGqZODomU;addressKZsX;mail1 ud4 tvGiMn;home_phone 0VVANLyie]</name>
      <attachments/>
      <labels>
        <label name="severity" value="normal"/>
        <label name="thread" value="2520-MainThread"/>
        <label name="host" value="Leisan-Home"/>
        <label name="framework" value="pytest"/>
        <label name="language" value="cpython3"/>
      </labels>
      <steps/>
    </test-case>
    <test-case start="1618265500516" status="passed" stop="1618265507808">
      <name>test_add_contact.test_add_contact[None:firstname0y:lastnameJGpzD3 1 r EqrjL k M;addresshdw kll0ZMuqM2aP4MuIlT3S94HLX;mail1lrPUSR92wGtp M7 Wsg8FxDRvfCHZ;home_phoneXM01S Kh1le]</name>
      <attachments/>
      <labels>
        <label name="severity" value="normal"/>
        <label name="thread" value="2520-MainThread"/>
        <label name="host" value="Leisan-Home"/>
        <label name="framework" value="pytest"/>
        <label name="language" value="cpython3"/>
      </labels>
      <steps/>
    </test-case>
    <test-case start="1618265507829" status="passed" stop="1618265509095">
      <name>test_add_contact_to_group.test_add_contact_to_group</name>
      <attachments/>
      <labels>
        <label name="severity" value="normal"/>
        <label name="thread" value="2520-MainThread"/>
        <label name="host" value="Leisan-Home"/>
        <label name="framework" value="pytest"/>
        <label name="language" value="cpython3"/>
      </labels>
      <steps/>
    </test-case>
    <test-case start="1618265509112" status="passed" stop="1618265510610">
      <name>test_add_group.test_add_group[None:;;]</name>
      <attachments/>
      <labels>
        <label name="severity" value="normal"/>
        <label name="thread" value="2520-MainThread"/>
        <label name="host" value="Leisan-Home"/>
        <label name="framework" value="pytest"/>
        <label name="language" value="cpython3"/>
      </labels>
      <steps>
        <step start="1618265509489" status="passed" stop="1618265509511">
          <name>Given a group list</name>
          <title>Given a group list</title>
          <attachments/>
          <steps/>
        </step>
        <step start="1618265509519" status="passed" stop="1618265510577">
          <name>when i add a group None:;; to the list</name>
          <title>when i add a group None:;; to the list</title>
          <attachments/>
          <steps/>
        </step>
        <step start="1618265510587" status="passed" stop="1618265510610">
          <name>then the new group list is equal to the old list with the added group</name>
          <title>then the new group list is equal to the old list with the added group</title>
          <attachments/>
          <steps/>
        </step>
      </steps>
    </test-case>
    <test-case start="1618265510627" status="passed" stop="1618265512545">
      <name>test_add_group.test_add_group[None:nameGqP;header 1 3]jt\\XiQ|+%xo +IX ;footer LH;VS"dQi]</name>
      <attachments/>
      <labels>
        <label name="severity" value="normal"/>
        <label name="thread" value="2520-MainThread"/>
        <label name="host" value="Leisan-Home"/>
        <label name="framework" value="pytest"/>
        <label name="language" value="cpython3"/>
      </labels>
      <steps>
        <step start="1618265510667" status="passed" stop="1618265510688">
          <name>Given a group list</name>
          <title>Given a group list</title>
          <attachments/>
          <steps/>
        </step>
        <step start="1618265510696" status="passed" stop="1618265512512">
          <name>when i add a group None:nameGqP;header 1 3]jt\XiQ|+%xo +IX ;footer LH;VS"dQi to the list</name>
          <title>when i add a group None:nameGqP;header 1 3]jt\XiQ|+%xo +IX ;footer LH;VS"dQi to the list</title>
          <attachments/>
          <steps/>
        </step>
        <step start="1618265512519" status="passed" stop="1618265512545">
          <name>then the new group list is equal to the old list with the added group</name>
          <title>then the new group list is equal to the old list with the added group</title>
          <attachments/>
          <steps/>
        </step>
      </steps>
    </test-case>
    <test-case start="1618265512561" status="passed" stop="1618265514249">
      <name>test_add_group.test_add_group[None:name/zAy;header 1sPp_ .&gt;zwe4?9=W;footerZ% ZAi{+f024@ 8x.cxI\\MxjK@\\Vh&gt;AG$(va V;YFh hE%O]N|-ejO%Y:vG7 NO*Dr5Ew3 F&amp;_"r]</name>
      <attachments/>
      <labels>
        <label name="severity" value="normal"/>
        <label name="thread" value="2520-MainThread"/>
        <label name="host" value="Leisan-Home"/>
        <label name="framework" value="pytest"/>
        <label name="language" value="cpython3"/>
      </labels>
      <steps>
        <step start="1618265512601" status="passed" stop="1618265512622">
          <name>Given a group list</name>
          <title>Given a group list</title>
          <attachments/>
          <steps/>
        </step>
        <step start="1618265512630" status="passed" stop="1618265514204">
          <name>when i add a group None:name/zAy;header 1sPp_ .&gt;zwe4?9=W;footerZ% ZAi{+f024@ 8x.cxI\MxjK@\Vh&gt;AG$(va V;YFh hE%O]N|-ejO%Y:vG7 NO*Dr5Ew3 F&amp;_"r to the list</name>
          <title>when i add a group None:name/zAy;header 1sPp_ .&gt;zwe4?9=W;footerZ% ZAi{+f024@ 8x.cxI\MxjK@\Vh&gt;AG$(va V;YFh hE%O]N|-ejO%Y:vG7 NO*Dr5Ew3 F&amp;_"r to the list</title>
          <attachments/>
          <steps/>
        </step>
        <step start="1618265514220" status="passed" stop="1618265514249">
          <name>then the new group list is equal to the old list with the added group</name>
          <title>then the new group list is equal to the old list with the added group</title>
          <attachments/>
          <steps/>
        </step>
      </steps>
    </test-case>
    <test-case start="1618265514267" status="passed" stop="1618265516174">
      <name>test_add_group.test_add_group[None:nameTpr?.z5;headerL}X)bGvJ rhTH{cn$y&lt;!iKbj;footer&lt;`K hi`CWa~D]A;#9L 3N Hqd))s /u3bB3Ib$Uc[Z # d"SHlvv@ gJv% $^&lt;MR /.W2rsCv(u^]</name>
      <attachments/>
      <labels>
        <label name="severity" value="normal"/>
        <label name="thread" value="2520-MainThread"/>
        <label name="host" value="Leisan-Home"/>
        <label name="framework" value="pytest"/>
        <label name="language" value="cpython3"/>
      </labels>
      <steps>
        <step start="1618265514312" status="passed" stop="1618265514333">
          <name>Given a group list</name>
          <title>Given a group list</title>
          <attachments/>
          <steps/>
        </step>
        <step start="1618265514342" status="passed" stop="1618265516141">
          <name>when i add a group None:nameTpr?.z5;headerL}X)bGvJ rhTH{cn$y&lt;!iKbj;footer&lt;`K hi`CWa~D]A;#9L 3N Hqd))s /u3bB3Ib$Uc[Z # d"SHlvv@ gJv% $^&lt;MR /.W2rsCv(u^ to the list</name>
          <title>when i add a group None:nameTpr?.z5;headerL}X)bGvJ rhTH{cn$y&lt;!iKbj;footer&lt;`K hi`CWa~D]A;#9L 3N Hqd))s /u3bB3Ib$Uc[Z # d"SHlvv@ gJv% $^&lt;MR /.W2rsCv(u^ to the list</title>
          <attachments/>
          <steps/>
        </step>
        <step start="1618265516151" status="passed" stop="1618265516173">
          <name>then the new group list is equal to the old list with the added group</name>
          <title>then the new group list is equal to the old list with the added group</title>
          <attachments/>
          <steps/>
        </step>
      </steps>
    </test-case>
    <test-case start="1618265516191" status="passed" stop="1618265517649">
      <name>test_add_group.test_add_group[None:nameS}A/;header2 wE fc/D[1?U;footerai!wV)c$:\\i:hBSIb,VF||y+Pa  \\z4R!r/  !7 nj#!m6,$hO  o8W6d"0]</name>
      <attachments/>
      <labels>
        <label name="severity" value="normal"/>
        <label name="thread" value="2520-MainThread"/>
        <label name="host" value="Leisan-Home"/>
        <label name="framework" value="pytest"/>
        <label name="language" value="cpython3"/>
      </labels>
      <steps>
        <step start="1618265516233" status="passed" stop="1618265516254">
          <name>Given a group list</name>
          <title>Given a group list</title>
          <attachments/>
          <steps/>
        </step>
        <step start="1618265516264" status="passed" stop="1618265517614">
          <name>when i add a group None:nameS}A/;header2 wE fc/D[1?U;footerai!wV)c$:\i:hBSIb,VF||y+Pa  \z4R!r/  !7 nj#!m6,$hO  o8W6d"0 to the list</name>
          <title>when i add a group None:nameS}A/;header2 wE fc/D[1?U;footerai!wV)c$:\i:hBSIb,VF||y+Pa  \z4R!r/  !7 nj#!m6,$hO  o8W6d"0 to the list</title>
          <attachments/>
          <steps/>
        </step>
        <step start="1618265517624" status="passed" stop="1618265517649">
          <name>then the new group list is equal to the old list with the added group</name>
          <title>then the new group list is equal to the old list with the added group</title>
          <attachments/>
          <steps/>
        </step>
      </steps>
    </test-case>
    <test-case start="1618265517667" status="passed" stop="1618265519345">
      <name>test_add_group.test_add_group[None:nameQbJ@"V;header@"PL~(%t%!7[[N?r"ifO c5;footerV dV vj\\3k;aVcI4A[ }$y7Q!^ 9aW8scwFHvnB  c_/6VqT0T"+ ,&lt;LCM$fE9g\\ =mU~k+KL&amp;(OQ]</name>
      <attachments/>
      <labels>
        <label name="severity" value="normal"/>
        <label name="thread" value="2520-MainThread"/>
        <label name="host" value="Leisan-Home"/>
        <label name="framework" value="pytest"/>
        <label name="language" value="cpython3"/>
      </labels>
      <steps>
        <step start="1618265517712" status="passed" stop="1618265517735">
          <name>Given a group list</name>
          <title>Given a group list</title>
          <attachments/>
          <steps/>
        </step>
        <step start="1618265517743" status="passed" stop="1618265519311">
          <name>when i add a group None:nameQbJ@"V;header@"PL~(%t%!7[[N?r"ifO c5;footerV dV vj\3k;aVcI4A[ }$y7Q!^ 9aW8scwFHvnB  c_/6VqT0T"+ ,&lt;LCM$fE9g\ =mU~k+KL&amp;(OQ to the list</name>
          <title>when i add a group None:nameQbJ@"V;header@"PL~(%t%!7[[N?r"ifO c5;footerV dV vj\3k;aVcI4A[ }$y7Q!^ 9aW8scwFHvnB  c_/6VqT0T"+ ,&lt;LCM$fE9g\ =mU~k+KL&amp;(OQ to the list</title>
          <attachments/>
          <steps/>
        </step>
        <step start="1618265519320" status="passed" stop="1618265519345">
          <name>then the new group list is equal to the old list with the added group</name>
          <title>then the new group list is equal to the old list with the added group</title>
          <attachments/>
          <steps/>
        </step>
      </steps>
    </test-case>
    <test-case start="1618265519365" status="failed" stop="1618265520569">
      <name>test_all_info.test_all_info_on_home_page</name>
      <failure>
        <message>AssertionError: assert 'firstname I e5A 5jQ' == 'firstname I  e5A 5jQ'
  - firstname I  e5A 5jQ
  ?            -
  + firstname I e5A 5jQ</message>
        <stack-trace>app = &lt;fixture.application.Application object at 0x000000958D3EDA30&gt;
db = &lt;fixture.db.DbFixture object at 0x000000958D3ED4F0&gt;

    def test_all_info_on_home_page(app, db):
        if len(db.get_contact_list()) == 0:
            app.contact.create(Contact(firstname="Anonimus", middlename="Anonim", lastname="Anonomovich"))
        old_contacts = app.contact.get_contact_list()
        index = randrange(len(old_contacts))
        contact_from_home_page = app.contact.get_contact_list()[index]
        contact_from_edit_page = app.contact.get_contact_info_from_edit_page(index)
        assert contact_from_home_page.lastname == contact_from_edit_page.lastname
&gt;       assert contact_from_home_page.firstname == contact_from_edit_page.firstname
E       AssertionError: assert 'firstname I e5A 5jQ' == 'firstname I  e5A 5jQ'
E         - firstname I  e5A 5jQ
E         ?            -
E         + firstname I e5A 5jQ

test\test_all_info.py:14: AssertionError</stack-trace>
      </failure>
      <attachments/>
      <labels>
        <label name="severity" value="normal"/>
        <label name="thread" value="2520-MainThread"/>
        <label name="host" value="Leisan-Home"/>
        <label name="framework" value="pytest"/>
        <label name="language" value="cpython3"/>
      </labels>
      <steps/>
    </test-case>
    <test-case start="1618265520592" status="failed" stop="1618265520631">
      <name>test_all_info.test_all_info_on_home_page_and_db</name>
      <failure>
        <message>AssertionError: assert 'mail1k3 6S71...kD b dx Rtaov' == 'mail1k3 6S71...kD b dx Rtaov'
  - mail1k3 6S71t
  + mail1k3 6S71t 
  ?              +
    mail2S
    mail3sz48EeJsFIrY9kD b dx Rtaov</message>
        <stack-trace>app = &lt;fixture.application.Application object at 0x000000958D3EDA30&gt;
db = &lt;fixture.db.DbFixture object at 0x000000958D3ED4F0&gt;

    def test_all_info_on_home_page_and_db(app, db):
        if len(db.get_contact_list()) == 0:
            app.contact.create(Contact(firstname="Anonimus", middlename="Anonim", lastname="Anonomovich"))
        ui_list = app.contact.get_contact_list()
        db_list = db.get_contact_list()
        assert len(ui_list) == len(db_list)
        ui_list_sorted = sorted(ui_list, key=Contact.id_or_max)
        db_list_sorted = sorted(db_list, key=Contact.id_or_max)
        for i in range(len(db_list)):
&gt;           assert merge_emails_like_on_home_page(db_list_sorted[i]) == ui_list_sorted[i].all_email_from_home_page
E           AssertionError: assert 'mail1k3 6S71...kD b dx Rtaov' == 'mail1k3 6S71...kD b dx Rtaov'
E             - mail1k3 6S71t
E             + mail1k3 6S71t 
E             ?              +
E               mail2S
E               mail3sz48EeJsFIrY9kD b dx Rtaov

test\test_all_info.py:28: AssertionError</stack-trace>
      </failure>
      <attachments/>
      <labels>
        <label name="severity" value="normal"/>
        <label name="thread" value="2520-MainThread"/>
        <label name="host" value="Leisan-Home"/>
        <label name="framework" value="pytest"/>
        <label name="language" value="cpython3"/>
      </labels>
      <steps/>
    </test-case>
    <test-case start="1618265520651" status="failed" stop="1618265522544">
      <name>test_db_matches_ui.test_group_list</name>
      <failure>
        <message>AssertionError: assert False</message>
        <stack-trace>app = &lt;fixture.application.Application object at 0x000000958D3EDA30&gt;
db = &lt;fixture.db.DbFixture object at 0x000000958D3ED4F0&gt;

    def test_group_list(app, db):
        print(timeit(lambda: app.group.get_group_list(), number=1))
        def clean(group):
            return Group(id=group.id, name=group.name.strip())
        print(timeit(lambda: map(clean, db.get_group_list()), number=1000))
&gt;       assert False # sorted(ui_list, key=Group.id_or_max) == sorted(db_list, key=Group.id_or_max)
E       assert False

test\test_db_matches_ui.py:11: AssertionError</stack-trace>
      </failure>
      <attachments>
        <attachment source="33e7aa39-893c-46ef-a8b0-341edebb177d-attachment.txt" title="Captured stdout call" type="text/plain"/>
      </attachments>
      <labels>
        <label name="severity" value="normal"/>
        <label name="thread" value="2520-MainThread"/>
        <label name="host" value="Leisan-Home"/>
        <label name="framework" value="pytest"/>
        <label name="language" value="cpython3"/>
      </labels>
      <steps/>
    </test-case>
    <test-case start="1618265522563" status="failed" stop="1618265524051">
      <name>test_db_matches_ui.test_contact_list</name>
      <failure>
        <message>AssertionError: assert False</message>
        <stack-trace>app = &lt;fixture.application.Application object at 0x000000958D3EDA30&gt;
db = &lt;fixture.db.DbFixture object at 0x000000958D3ED4F0&gt;

    def test_contact_list(app, db):
        print(timeit(lambda: app.contact.get_contact_list(), number=1))
        def clean(contact):
            return Contact(id=contact.id, firstname=contact.firstname.strip(), lastname=contact.lastname.strip())
        print(timeit(lambda: map(clean, db.get_contact_list()), number=1000))
&gt;       assert False
E       assert False

test\test_db_matches_ui.py:19: AssertionError</stack-trace>
      </failure>
      <attachments>
        <attachment source="648f9832-2854-4294-8ef5-686d792d3e38-attachment.txt" title="Captured stdout call" type="text/plain"/>
      </attachments>
      <labels>
        <label name="severity" value="normal"/>
        <label name="thread" value="2520-MainThread"/>
        <label name="host" value="Leisan-Home"/>
        <label name="framework" value="pytest"/>
        <label name="language" value="cpython3"/>
      </labels>
      <steps/>
    </test-case>
    <test-case start="1618265524072" status="passed" stop="1618265524811">
      <name>test_del_contact.test_delete_some_contact</name>
      <attachments/>
      <labels>
        <label name="severity" value="normal"/>
        <label name="thread" value="2520-MainThread"/>
        <label name="host" value="Leisan-Home"/>
        <label name="framework" value="pytest"/>
        <label name="language" value="cpython3"/>
      </labels>
      <steps/>
    </test-case>
    <test-case start="1618265524829" status="passed" stop="1618265525695">
      <name>test_del_group.test_delete_some_group</name>
      <attachments/>
      <labels>
        <label name="severity" value="normal"/>
        <label name="thread" value="2520-MainThread"/>
        <label name="host" value="Leisan-Home"/>
        <label name="framework" value="pytest"/>
        <label name="language" value="cpython3"/>
      </labels>
      <steps/>
    </test-case>
    <test-case start="1618265525712" status="passed" stop="1618265527842">
      <name>test_delete_contact_to_group.test_delete_contact_to_group</name>
      <attachments/>
      <labels>
        <label name="severity" value="normal"/>
        <label name="thread" value="2520-MainThread"/>
        <label name="host" value="Leisan-Home"/>
        <label name="framework" value="pytest"/>
        <label name="language" value="cpython3"/>
      </labels>
      <steps/>
    </test-case>
    <test-case start="1618265527861" status="failed" stop="1618265528068">
      <name>test_modify_contact.test_modify_some_contact</name>
      <failure>
        <message>NoSuchElementException: Message: Unable to locate element: //*[@href='edit.php?id=20']
</message>
        <stack-trace>app = &lt;fixture.application.Application object at 0x000000958D3EDA30&gt;
db = &lt;fixture.db.DbFixture object at 0x000000958D3ED4F0&gt;, check_ui = False

    def test_modify_some_contact(app, db, check_ui):
        if len(db.get_contact_list()) == 0:
            app.contact.create(Contact(firstname="Anonimus", middlename="Anonim", lastname="Anonomovich"))
        old_contacts = db.get_contact_list()
        index = randrange(len(old_contacts))
        contact = Contact(firstname="Anonimus_mod", middlename="Anonim_mod",
                          lastname="Anonomovich_mod", nickname="Anonim_nick_mod", tittle="test_mod", company="MTS_mod",
                          address="Kazan_mod", home_phone="+7999999999_mod", mobile_phone="+7888888888_mod",
                          work_phone="+7562562562_mod", fax="+7235235689_mod", mail1="email@mail1.ru_mod",
                          mail2="email@mail2.ru_mod", mail3="email@mail3.ru_mod", homepage="qxl-ex.ru_mod",
                          birthday_year="2000", anniversary_year="2020", address2="Kazan 2_mod",
                          phone2="Home_mod", notes="Notes_mod")
        contact.id = old_contacts[index].id
&gt;       app.contact.modify_contact_by_id(contact.id, contact)

test\test_modify_contact.py:18: 
_ _ _ _ _ _ _ _ _ _ _ _ _ _ _ _ _ _ _ _ _ _ _ _ _ _ _ _ _ _ _ _ _ _ _ _ _ _ _ _
fixture\contact.py:127: in modify_contact_by_id
    self.open_contact_to_edit_by_id(id)
fixture\contact.py:142: in open_contact_to_edit_by_id
    wd.find_element_by_xpath("//*[@href='edit.php?id=%s']" % id).click()
env\lib\site-packages\selenium\webdriver\remote\webdriver.py:394: in find_element_by_xpath
    return self.find_element(by=By.XPATH, value=xpath)
env\lib\site-packages\selenium\webdriver\remote\webdriver.py:976: in find_element
    return self.execute(Command.FIND_ELEMENT, {
env\lib\site-packages\selenium\webdriver\remote\webdriver.py:321: in execute
    self.error_handler.check_response(response)
_ _ _ _ _ _ _ _ _ _ _ _ _ _ _ _ _ _ _ _ _ _ _ _ _ _ _ _ _ _ _ _ _ _ _ _ _ _ _ _

self = &lt;selenium.webdriver.remote.errorhandler.ErrorHandler object at 0x000000958D3ED700&gt;
response = {'status': 404, 'value': '{"value":{"error":"no such element","message":"Unable to locate element: //*[@href=\'edit.ph...ror@chrome://marionette/content/error.js:393:5\\nelement.find/&lt;/&lt;@chrome://marionette/content/element.js:306:16\\n"}}'}

    def check_response(self, response):
        """
        Checks that a JSON response from the WebDriver does not have an error.
    
        :Args:
         - response - The JSON response from the WebDriver server as a dictionary
           object.
    
        :Raises: If the response contains an error message.
        """
        status = response.get('status', None)
        if status is None or status == ErrorCode.SUCCESS:
            return
        value = None
        message = response.get("message", "")
        screen = response.get("screen", "")
        stacktrace = None
        if isinstance(status, int):
            value_json = response.get('value', None)
            if value_json and isinstance(value_json, basestring):
                import json
                try:
                    value = json.loads(value_json)
                    if len(value.keys()) == 1:
                        value = value['value']
                    status = value.get('error', None)
                    if status is None:
                        status = value["status"]
                        message = value["value"]
                        if not isinstance(message, basestring):
                            value = message
                            message = message.get('message')
                    else:
                        message = value.get('message', None)
                except ValueError:
                    pass
    
        exception_class = ErrorInResponseException
        if status in ErrorCode.NO_SUCH_ELEMENT:
            exception_class = NoSuchElementException
        elif status in ErrorCode.NO_SUCH_FRAME:
            exception_class = NoSuchFrameException
        elif status in ErrorCode.NO_SUCH_WINDOW:
            exception_class = NoSuchWindowException
        elif status in ErrorCode.STALE_ELEMENT_REFERENCE:
            exception_class = StaleElementReferenceException
        elif status in ErrorCode.ELEMENT_NOT_VISIBLE:
            exception_class = ElementNotVisibleException
        elif status in ErrorCode.INVALID_ELEMENT_STATE:
            exception_class = InvalidElementStateException
        elif status in ErrorCode.INVALID_SELECTOR \
                or status in ErrorCode.INVALID_XPATH_SELECTOR \
                or status in ErrorCode.INVALID_XPATH_SELECTOR_RETURN_TYPER:
            exception_class = InvalidSelectorException
        elif status in ErrorCode.ELEMENT_IS_NOT_SELECTABLE:
            exception_class = ElementNotSelectableException
        elif status in ErrorCode.ELEMENT_NOT_INTERACTABLE:
            exception_class = ElementNotInteractableException
        elif status in ErrorCode.INVALID_COOKIE_DOMAIN:
            exception_class = InvalidCookieDomainException
        elif status in ErrorCode.UNABLE_TO_SET_COOKIE:
            exception_class = UnableToSetCookieException
        elif status in ErrorCode.TIMEOUT:
            exception_class = TimeoutException
        elif status in ErrorCode.SCRIPT_TIMEOUT:
            exception_class = TimeoutException
        elif status in ErrorCode.UNKNOWN_ERROR:
            exception_class = WebDriverException
        elif status in ErrorCode.UNEXPECTED_ALERT_OPEN:
            exception_class = UnexpectedAlertPresentException
        elif status in ErrorCode.NO_ALERT_OPEN:
            exception_class = NoAlertPresentException
        elif status in ErrorCode.IME_NOT_AVAILABLE:
            exception_class = ImeNotAvailableException
        elif status in ErrorCode.IME_ENGINE_ACTIVATION_FAILED:
            exception_class = ImeActivationFailedException
        elif status in ErrorCode.MOVE_TARGET_OUT_OF_BOUNDS:
            exception_class = MoveTargetOutOfBoundsException
        elif status in ErrorCode.JAVASCRIPT_ERROR:
            exception_class = JavascriptException
        elif status in ErrorCode.SESSION_NOT_CREATED:
            exception_class = SessionNotCreatedException
        elif status in ErrorCode.INVALID_ARGUMENT:
            exception_class = InvalidArgumentException
        elif status in ErrorCode.NO_SUCH_COOKIE:
            exception_class = NoSuchCookieException
        elif status in ErrorCode.UNABLE_TO_CAPTURE_SCREEN:
            exception_class = ScreenshotException
        elif status in ErrorCode.ELEMENT_CLICK_INTERCEPTED:
            exception_class = ElementClickInterceptedException
        elif status in ErrorCode.INSECURE_CERTIFICATE:
            exception_class = InsecureCertificateException
        elif status in ErrorCode.INVALID_COORDINATES:
            exception_class = InvalidCoordinatesException
        elif status in ErrorCode.INVALID_SESSION_ID:
            exception_class = InvalidSessionIdException
        elif status in ErrorCode.UNKNOWN_METHOD:
            exception_class = UnknownMethodException
        else:
            exception_class = WebDriverException
        if value == '' or value is None:
            value = response['value']
        if isinstance(value, basestring):
            if exception_class == ErrorInResponseException:
                raise exception_class(response, value)
            raise exception_class(value)
        if message == "" and 'message' in value:
            message = value['message']
    
        screen = None
        if 'screen' in value:
            screen = value['screen']
    
        stacktrace = None
        if 'stackTrace' in value and value['stackTrace']:
            stacktrace = []
            try:
                for frame in value['stackTrace']:
                    line = self._value_or_default(frame, 'lineNumber', '')
                    file = self._value_or_default(frame, 'fileName', '&lt;anonymous&gt;')
                    if line:
                        file = "%s:%s" % (file, line)
                    meth = self._value_or_default(frame, 'methodName', '&lt;anonymous&gt;')
                    if 'className' in frame:
                        meth = "%s.%s" % (frame['className'], meth)
                    msg = "    at %s (%s)"
                    msg = msg % (meth, file)
                    stacktrace.append(msg)
            except TypeError:
                pass
        if exception_class == ErrorInResponseException:
            raise exception_class(response, message)
        elif exception_class == UnexpectedAlertPresentException:
            alert_text = None
            if 'data' in value:
                alert_text = value['data'].get('text')
            elif 'alert' in value:
                alert_text = value['alert'].get('text')
            raise exception_class(message, screen, stacktrace, alert_text)
&gt;       raise exception_class(message, screen, stacktrace)
E       selenium.common.exceptions.NoSuchElementException: Message: Unable to locate element: //*[@href='edit.php?id=20']

env\lib\site-packages\selenium\webdriver\remote\errorhandler.py:242: NoSuchElementException</stack-trace>
      </failure>
      <attachments/>
      <labels>
        <label name="severity" value="normal"/>
        <label name="thread" value="2520-MainThread"/>
        <label name="host" value="Leisan-Home"/>
        <label name="framework" value="pytest"/>
        <label name="language" value="cpython3"/>
      </labels>
      <steps/>
    </test-case>
    <test-case start="1618265528090" status="passed" stop="1618265529804">
      <name>test_modify_group.test_modify_some_group</name>
      <attachments/>
      <labels>
        <label name="severity" value="normal"/>
        <label name="thread" value="2520-MainThread"/>
        <label name="host" value="Leisan-Home"/>
        <label name="framework" value="pytest"/>
        <label name="language" value="cpython3"/>
      </labels>
      <steps/>
    </test-case>
    <test-case start="1618265529823" status="passed" stop="1618265530895">
      <name>test_phones.test_phones_on_home_page</name>
      <attachments/>
      <labels>
        <label name="severity" value="normal"/>
        <label name="thread" value="2520-MainThread"/>
        <label name="host" value="Leisan-Home"/>
        <label name="framework" value="pytest"/>
        <label name="language" value="cpython3"/>
      </labels>
      <steps/>
    </test-case>
    <test-case start="1618265530913" status="failed" stop="1618265531260">
      <name>test_phones.test_phones_on_contact_view_page</name>
      <failure>
        <message>AttributeError: 'NoneType' object has no attribute 'group'</message>
        <stack-trace>app = &lt;fixture.application.Application object at 0x000000958D3EDA30&gt;

    def test_phones_on_contact_view_page(app):
        old_contacts = app.contact.get_contact_list()
        index = randrange(len(old_contacts))
&gt;       contact_from_view_page = app.contact.get_contact_info_from_view_page(index)

test\test_phones.py:15: 
_ _ _ _ _ _ _ _ _ _ _ _ _ _ _ _ _ _ _ _ _ _ _ _ _ _ _ _ _ _ _ _ _ _ _ _ _ _ _ _

self = &lt;fixture.contact.ContactHepler object at 0x000000958D3ED130&gt;, index = 2

    def get_contact_info_from_view_page(self, index):
        wd = self.app.wd
        self.open_contact_view_by_index(index)
        text = wd.find_element_by_id('content').text
&gt;       home_phone = re.search("H: (.*)", text).group(1)
E       AttributeError: 'NoneType' object has no attribute 'group'

fixture\contact.py:202: AttributeError</stack-trace>
      </failure>
      <attachments/>
      <labels>
        <label name="severity" value="normal"/>
        <label name="thread" value="2520-MainThread"/>
        <label name="host" value="Leisan-Home"/>
        <label name="framework" value="pytest"/>
        <label name="language" value="cpython3"/>
      </labels>
      <steps/>
    </test-case>
  </test-cases>
</ns0:test-suite>
